#1 [internal] load remote build context
#1 DONE 0.0s

#2 copy /context /
#2 DONE 3.3s

#4 [internal] load metadata for docker.io/hexpm/elixir:1.13.3-erlang-22.3.4.10-debian-bullseye-20210902
#4 DONE 0.3s

#3 [internal] load metadata for docker.io/library/debian:bullseye-20210902-slim
#3 DONE 0.2s

#28 [builder  1/17] FROM docker.io/hexpm/elixir:1.13.3-erlang-22.3.4.10-debian-bullseye-20210902@sha256:23062bc631a810606feee778a642817f507947ff308c6fafffeda51082d1524a
#28 DONE 0.0s

#5 [stage-1 1/6] FROM docker.io/library/debian:bullseye-20210902-slim@sha256:e3ed4be20c22a1358020358331d177aa2860632f25b21681d79204ace20455a6
#5 DONE 0.0s
#1 [internal] load remote build context
#1 DONE 29.0s

#1 [internal] load remote build context
#1 DONE 0.0s

#2 copy /context /
#2 DONE 3.5s

#4 [internal] load metadata for docker.io/library/debian:bullseye-20210902-slim
#4 ...

#3 [internal] load metadata for docker.io/hexpm/elixir:1.13.3-erlang-22.3.4.10-debian-bullseye-20210902
#3 DONE 0.4s

#4 [internal] load metadata for docker.io/library/debian:bullseye-20210902-slim
#4 DONE 0.5s

#10 [builder  1/17] FROM docker.io/hexpm/elixir:1.13.3-erlang-22.3.4.10-debian-bullseye-20210902@sha256:23062bc631a810606feee778a642817f507947ff308c6fafffeda51082d1524a
#10 DONE 0.0s

#5 [stage-1 1/6] FROM docker.io/library/debian:bullseye-20210902-slim@sha256:e3ed4be20c22a1358020358331d177aa2860632f25b21681d79204ace20455a6
#5 DONE 0.0s

#15 [builder  5/17] COPY mix.exs mix.lock ./
#15 CACHED

#17 [builder  7/17] RUN mkdir config
#17 CACHED

#21 [builder 11/17] COPY lib lib
#21 CACHED

#19 [builder  9/17] RUN mix deps.compile
#19 CACHED

#13 [builder  4/17] RUN mix local.hex --force &&     mix local.rebar --force
#13 CACHED

#18 [builder  8/17] COPY config/config.exs config/prod.exs config/
#18 CACHED

#14 copy /context /
#14 CACHED

#22 [builder 12/17] COPY assets assets
#22 CACHED

#16 [builder  6/17] RUN mix deps.get --only prod
#16 CACHED

#11 [builder  2/17] RUN apt-get update -y && apt-get install -y build-essential git     && apt-get clean && rm -f /var/lib/apt/lists/*_*
#11 CACHED

#12 [builder  3/17] WORKDIR /app
#12 CACHED

#20 [builder 10/17] COPY priv priv
#20 CACHED

#23 [builder 13/17] RUN mix assets.deploy
#23 CACHED

#24 [builder 14/17] RUN mix compile
#24 CACHED

#25 [builder 15/17] COPY config/runtime.exs config/
#25 DONE 0.1s

#26 [builder 16/17] COPY rel rel
#26 DONE 0.0s

#27 [builder 17/17] RUN mix release
#27 2.509 warning: use Mix.Config is deprecated. Use the Config module instead
#27 2.509   config/config.exs:8
#27 2.509 
#27 2.534 warning: use Mix.Config is deprecated. Use the Config module instead
#27 2.534   config/prod.exs:1
#27 2.534 
#27 4.890 * assembling shlinkedin-0.1.0 on MIX_ENV=prod
#27 4.893 * using config/runtime.exs to configure the release at runtime
#27 4.909 warning: use Mix.Config is deprecated. Use the Config module instead
#27 4.909   config/config.exs:8
#27 4.909 
#27 4.917 warning: use Mix.Config is deprecated. Use the Config module instead
#27 4.917   config/prod.exs:1
#27 4.917 
#27 7.513 * creating _build/prod/rel/shlinkedin/releases/0.1.0/vm.args
#27 7.514 * creating _build/prod/rel/shlinkedin/releases/0.1.0/remote.vm.args
#27 7.666 * creating _build/prod/rel/shlinkedin/releases/0.1.0/env.sh
#27 7.726 * creating _build/prod/rel/shlinkedin/releases/0.1.0/env.bat
#27 7.731 * skipping elixir.bat for windows (bin/elixir.bat not found in the Elixir installation)
#27 7.736 * skipping iex.bat for windows (bin/iex.bat not found in the Elixir installation)
#27 11.00 
#27 11.00 Release created at _build/prod/rel/shlinkedin!
#27 11.00 
#27 11.00     # To start your system
#27 11.00     _build/prod/rel/shlinkedin/bin/shlinkedin start
#27 11.00 
#27 11.00 Once the release is running:
#27 11.00 
#27 11.00     # To connect to it remotely
#27 11.00     _build/prod/rel/shlinkedin/bin/shlinkedin remote
#27 11.00 
#27 11.00     # To stop it gracefully (you may also send SIGINT/SIGTERM)
#27 11.00     _build/prod/rel/shlinkedin/bin/shlinkedin stop
#27 11.00 
#27 11.00 To list all commands:
#27 11.00 
#27 11.00     _build/prod/rel/shlinkedin/bin/shlinkedin
#27 11.00 
#27 DONE 11.1s

#8 [stage-1 4/6] WORKDIR /app
#8 CACHED

#6 [stage-1 2/6] RUN apt-get update -y && apt-get install -y libstdc++6 openssl libncurses5 locales     && apt-get clean && rm -f /var/lib/apt/lists/*_*
#6 CACHED

#7 [stage-1 3/6] RUN sed -i '/en_US.UTF-8/s/^# //g' /etc/locale.gen && locale-gen
#7 CACHED

#9 [stage-1 5/6] RUN chown nobody /app
#9 CACHED

#28 [stage-1 6/6] COPY --from=builder --chown=nobody:root /app/_build/prod/rel ./
#28 DONE 0.3s

#29 exporting to image
#29 exporting layers
